<?xml version="1.0" encoding="UTF-8"?>
<!-- Generated by org.testng.reporters.JUnitReportReporter -->
<testsuite name="com.fb.automation.LogInTest" tests="1" time="0.688" ignored="1" failures="0" timestamp="05 Jan 2017 23:44:34 GMT" skipped="0" hostname="ATLDEVVRAJ" errors="0">
  <testcase name="getTestData" time="0.688" classname="com.fb.automation.LogInTest"/>
  <testcase name="testLogIn" classname="com.fb.automation.LogInTest">
    <skipped/>
  </testcase> <!-- testLogIn -->
</testsuite> <!-- com.fb.automation.LogInTest -->
